<?xml version="1.0" encoding="UTF-8"?>
<testsuite xmlns:xsi="http://www.w3.org/2001/XMLSchema-instance" xsi:noNamespaceSchemaLocation="https://maven.apache.org/surefire/maven-surefire-plugin/xsd/surefire-test-report-3.0.xsd" version="3.0" name="com.algonquin.cst8288.assignment1.employee.ContractEmployeeImplTest" time="0.096" tests="5" errors="0" skipped="0" failures="0">
  <properties>
    <property name="java.specification.version" value="21"/>
    <property name="sun.cpu.isalist" value="amd64"/>
    <property name="sun.jnu.encoding" value="GBK"/>
    <property name="java.class.path" value="D:\Nextcloud\AlgonquinCollege\2024S\CST8288\projects\assignment1S24\target\test-classes;D:\Nextcloud\AlgonquinCollege\2024S\CST8288\projects\assignment1S24\target\classes;C:\Users\ryany\.m2\repository\commons-codec\commons-codec\1.12\commons-codec-1.12.jar;C:\Users\ryany\.m2\repository\com\fasterxml\jackson\core\jackson-databind\2.9.8\jackson-databind-2.9.8.jar;C:\Users\ryany\.m2\repository\com\fasterxml\jackson\core\jackson-annotations\2.9.0\jackson-annotations-2.9.0.jar;C:\Users\ryany\.m2\repository\com\fasterxml\jackson\core\jackson-core\2.9.8\jackson-core-2.9.8.jar;C:\Users\ryany\.m2\repository\com\fasterxml\jackson\datatype\jackson-datatype-jsr310\2.6.0\jackson-datatype-jsr310-2.6.0.jar;C:\Users\ryany\.m2\repository\junit\junit\4.12\junit-4.12.jar;C:\Users\ryany\.m2\repository\org\hamcrest\hamcrest-core\1.3\hamcrest-core-1.3.jar;C:\Users\ryany\.m2\repository\org\jsoup\jsoup\1.11.3\jsoup-1.11.3.jar;C:\Users\ryany\.m2\repository\org\apache\httpcomponents\httpclient\4.5.8\httpclient-4.5.8.jar;C:\Users\ryany\.m2\repository\org\apache\httpcomponents\httpcore\4.4.11\httpcore-4.4.11.jar;C:\Users\ryany\.m2\repository\commons-logging\commons-logging\1.2\commons-logging-1.2.jar;C:\Users\ryany\.m2\repository\org\mockito\mockito-core\5.12.0\mockito-core-5.12.0.jar;C:\Users\ryany\.m2\repository\net\bytebuddy\byte-buddy\1.14.15\byte-buddy-1.14.15.jar;C:\Users\ryany\.m2\repository\net\bytebuddy\byte-buddy-agent\1.14.15\byte-buddy-agent-1.14.15.jar;C:\Users\ryany\.m2\repository\org\objenesis\objenesis\3.3\objenesis-3.3.jar;"/>
    <property name="java.vm.vendor" value="Oracle Corporation"/>
    <property name="sun.arch.data.model" value="64"/>
    <property name="user.variant" value=""/>
    <property name="java.vendor.url" value="https://java.oracle.com/"/>
    <property name="user.timezone" value="America/Toronto"/>
    <property name="os.name" value="Windows 11"/>
    <property name="java.vm.specification.version" value="21"/>
    <property name="user.country" value="CA"/>
    <property name="sun.java.launcher" value="SUN_STANDARD"/>
    <property name="sun.boot.library.path" value="C:\Program Files\Java\jdk-21\bin"/>
    <property name="sun.java.command" value="C:\Users\ryany\AppData\Local\Temp\surefire16324365742128898878\surefirebooter-20240525204535365_3.jar C:\Users\ryany\AppData\Local\Temp\surefire16324365742128898878 2024-05-25T20-45-35_212-jvmRun1 surefire-20240525204535365_1tmp surefire_0-20240525204535365_2tmp"/>
    <property name="jdk.debug" value="release"/>
    <property name="test" value="com.algonquin.cst8288.assignment1.employee.ContractEmployeeImplTest"/>
    <property name="surefire.test.class.path" value="D:\Nextcloud\AlgonquinCollege\2024S\CST8288\projects\assignment1S24\target\test-classes;D:\Nextcloud\AlgonquinCollege\2024S\CST8288\projects\assignment1S24\target\classes;C:\Users\ryany\.m2\repository\commons-codec\commons-codec\1.12\commons-codec-1.12.jar;C:\Users\ryany\.m2\repository\com\fasterxml\jackson\core\jackson-databind\2.9.8\jackson-databind-2.9.8.jar;C:\Users\ryany\.m2\repository\com\fasterxml\jackson\core\jackson-annotations\2.9.0\jackson-annotations-2.9.0.jar;C:\Users\ryany\.m2\repository\com\fasterxml\jackson\core\jackson-core\2.9.8\jackson-core-2.9.8.jar;C:\Users\ryany\.m2\repository\com\fasterxml\jackson\datatype\jackson-datatype-jsr310\2.6.0\jackson-datatype-jsr310-2.6.0.jar;C:\Users\ryany\.m2\repository\junit\junit\4.12\junit-4.12.jar;C:\Users\ryany\.m2\repository\org\hamcrest\hamcrest-core\1.3\hamcrest-core-1.3.jar;C:\Users\ryany\.m2\repository\org\jsoup\jsoup\1.11.3\jsoup-1.11.3.jar;C:\Users\ryany\.m2\repository\org\apache\httpcomponents\httpclient\4.5.8\httpclient-4.5.8.jar;C:\Users\ryany\.m2\repository\org\apache\httpcomponents\httpcore\4.4.11\httpcore-4.4.11.jar;C:\Users\ryany\.m2\repository\commons-logging\commons-logging\1.2\commons-logging-1.2.jar;C:\Users\ryany\.m2\repository\org\mockito\mockito-core\5.12.0\mockito-core-5.12.0.jar;C:\Users\ryany\.m2\repository\net\bytebuddy\byte-buddy\1.14.15\byte-buddy-1.14.15.jar;C:\Users\ryany\.m2\repository\net\bytebuddy\byte-buddy-agent\1.14.15\byte-buddy-agent-1.14.15.jar;C:\Users\ryany\.m2\repository\org\objenesis\objenesis\3.3\objenesis-3.3.jar;"/>
    <property name="sun.cpu.endian" value="little"/>
    <property name="user.home" value="C:\Users\ryany"/>
    <property name="user.language" value="en"/>
    <property name="java.specification.vendor" value="Oracle Corporation"/>
    <property name="java.version.date" value="2023-10-17"/>
    <property name="java.home" value="C:\Program Files\Java\jdk-21"/>
    <property name="file.separator" value="\"/>
    <property name="basedir" value="D:\Nextcloud\AlgonquinCollege\2024S\CST8288\projects\assignment1S24"/>
    <property name="java.vm.compressedOopsMode" value="Zero based"/>
    <property name="line.separator" value="&#10;"/>
    <property name="java.vm.specification.vendor" value="Oracle Corporation"/>
    <property name="java.specification.name" value="Java Platform API Specification"/>
    <property name="surefire.real.class.path" value="C:\Users\ryany\AppData\Local\Temp\surefire16324365742128898878\surefirebooter-20240525204535365_3.jar"/>
    <property name="user.script" value=""/>
    <property name="sun.management.compiler" value="HotSpot 64-Bit Tiered Compilers"/>
    <property name="java.runtime.version" value="21.0.1+12-LTS-29"/>
    <property name="user.name" value="ryany"/>
    <property name="stdout.encoding" value="GBK"/>
    <property name="path.separator" value=";"/>
    <property name="os.version" value="10.0"/>
    <property name="java.runtime.name" value="Java(TM) SE Runtime Environment"/>
    <property name="file.encoding" value="UTF-8"/>
    <property name="java.vm.name" value="Java HotSpot(TM) 64-Bit Server VM"/>
    <property name="maven.ext.class.path" value="D:\Program Files\NetBeans-21\netbeans\java\maven-nblib\netbeans-eventspy.jar"/>
    <property name="localRepository" value="C:\Users\ryany\.m2\repository"/>
    <property name="java.vendor.url.bug" value="https://bugreport.java.com/bugreport/"/>
    <property name="java.io.tmpdir" value="C:\Users\ryany\AppData\Local\Temp\"/>
    <property name="java.version" value="21.0.1"/>
    <property name="user.dir" value="D:\Nextcloud\AlgonquinCollege\2024S\CST8288\projects\assignment1S24"/>
    <property name="os.arch" value="amd64"/>
    <property name="java.vm.specification.name" value="Java Virtual Machine Specification"/>
    <property name="sun.os.patch.level" value=""/>
    <property name="native.encoding" value="GBK"/>
    <property name="java.library.path" value="C:\Program Files\Java\jdk-21\bin;C:\windows\Sun\Java\bin;C:\windows\system32;C:\windows;C:\oracle19cinstall\bin;C:\Program Files\Common Files\Oracle\Java\javapath;C:\Program Files (x86)\VMware\VMware Workstation\bin\;C:\Program Files\Java\jdk-21\bin;C:\windows\system32;C:\windows;C:\windows\System32\Wbem;C:\windows\System32\WindowsPowerShell\v1.0\;C:\windows\System32\OpenSSH\;C:\Program Files\PuTTY\;C:\Program Files\MiKTeX\miktex\bin\x64\;D:\ProgramData\anaconda3;D:\ProgramData\anaconda3\Scripts;D:\ProgramData\anaconda3\Library\bin;C:\Program Files\Azure Data Studio\bin;C:\Program Files (x86)\Microsoft SQL Server\160\Tools\Binn\;C:\Program Files\Microsoft SQL Server\160\Tools\Binn\;C:\Program Files\Microsoft SQL Server\Client SDK\ODBC\170\Tools\Binn\;C:\Program Files\Microsoft SQL Server\160\DTS\Binn\;C:\Program Files (x86)\Microsoft SQL Server\160\DTS\Binn\;C:\Program Files\nodejs\;C:\Users\ryany\AppData\Local\Microsoft\WindowsApps;C:\Users\ryany\AppData\Local\Programs\Microsoft VS Code\bin;C:\Users\ryany\AppData\Roaming\npm;D:\Program Files\xampp\php;D:\Windows Kits\10\Windows Performance Toolkit\;C:\Program Files\dotnet\;d:\Program Files\Git\cmd;C:\oracle19cinstall\bin;C:\Program Files\Common Files\Oracle\Java\javapath;C:\Program Files (x86)\VMware\VMware Workstation\bin\;C:\Program Files\Java\jdk-21\bin;C:\windows\system32;C:\windows;C:\windows\System32\Wbem;C:\windows\System32\WindowsPowerShell\v1.0\;C:\windows\System32\OpenSSH\;C:\Program Files\PuTTY\;d:\Program Files\Git\cmd;C:\Program Files\MiKTeX\miktex\bin\x64\;D:\ProgramData\anaconda3;D:\ProgramData\anaconda3\Scripts;D:\ProgramData\anaconda3\Library\bin;C:\Program Files\Azure Data Studio\bin;C:\Program Files (x86)\Microsoft SQL Server\160\Tools\Binn\;C:\Program Files\Microsoft SQL Server\160\Tools\Binn\;C:\Program Files\Microsoft SQL Server\Client SDK\ODBC\170\Tools\Binn\;C:\Program Files\Microsoft SQL Server\160\DTS\Binn\;C:\Program Files (x86)\Microsoft SQL Server\160\DTS\Binn\;C:\Program Files\nodejs\;C:\Users\ryany\AppData\Local\Microsoft\WindowsApps;C:\Users\ryany\AppData\Local\Programs\Microsoft VS Code\bin;C:\Users\ryany\AppData\Roaming\npm;C:\oracle\instantclient_21_13;C:\oracle32\instantclient_21_13;C:\msys64\ucrt64\bin;D:\ACAssignments\CST2335\flutter\bin;;."/>
    <property name="java.vm.info" value="mixed mode, sharing"/>
    <property name="stderr.encoding" value="GBK"/>
    <property name="java.vendor" value="Oracle Corporation"/>
    <property name="java.vm.version" value="21.0.1+12-LTS-29"/>
    <property name="sun.io.unicode.encoding" value="UnicodeLittle"/>
    <property name="java.class.version" value="65.0"/>
  </properties>
  <testcase name="testToString" classname="com.algonquin.cst8288.assignment1.employee.ContractEmployeeImplTest" time="0.024">
    <system-out><![CDATA[toString
]]></system-out>
  </testcase>
  <testcase name="testCalculateTotalCompensation" classname="com.algonquin.cst8288.assignment1.employee.ContractEmployeeImplTest" time="0.001">
    <system-out><![CDATA[calculateTotalCompensation
]]></system-out>
  </testcase>
  <testcase name="testSetRenewalDateAndGetRenewalDate" classname="com.algonquin.cst8288.assignment1.employee.ContractEmployeeImplTest" time="0.002">
    <system-out><![CDATA[getRenewalDate
]]></system-out>
  </testcase>
  <testcase name="testSetTotalCompensation" classname="com.algonquin.cst8288.assignment1.employee.ContractEmployeeImplTest" time="0.001">
    <system-out><![CDATA[setTotalCompensation
]]></system-out>
  </testcase>
  <testcase name="testRenewalDate" classname="com.algonquin.cst8288.assignment1.employee.ContractEmployeeImplTest" time="0.001">
    <system-out><![CDATA[renewalDate
]]></system-out>
  </testcase>
</testsuite>